\BOOKMARK [1][-]{section*.1}{Chapter 3: PN Junctions}{}% 1
\BOOKMARK [2][-]{section*.2}{3.2 - Concept of PN Junction}{section*.1}% 2
\BOOKMARK [3][-]{section*.3}{Energy Band Diagram for a PN Junction}{section*.2}% 3
\BOOKMARK [3][-]{section*.4}{I-V Characteristics of a PN Junction}{section*.2}% 4
\BOOKMARK [3][-]{section*.5}{Space-Charge and Charge Storage Effects}{section*.2}% 5
\BOOKMARK [3][-]{section*.6}{Tunnel PN Junctions}{section*.2}% 6
\BOOKMARK [3][-]{section*.7}{Junction Breakdown}{section*.2}% 7
\BOOKMARK [3][-]{section*.8}{Noise in PN Junctions}{section*.2}% 8
\BOOKMARK [3][-]{section*.9}{Heterojunctions}{section*.2}% 9
\BOOKMARK [2][-]{section*.10}{3.3 - Schottky Junction}{section*.1}% 10
\BOOKMARK [3][-]{section*.11}{Schottky Junction at Equilibrium}{section*.10}% 11
\BOOKMARK [3][-]{section*.12}{Schottky Junction under Bias}{section*.10}% 12
\BOOKMARK [3][-]{section*.13}{Nonideal Schottky Junctions}{section*.10}% 13
\BOOKMARK [3][-]{section*.14}{Capacitance Effect and Equivalent-Circuit Model of a Schottky Junction}{section*.10}% 14
\BOOKMARK [3][-]{section*.15}{Modification of the Barrier Height}{section*.10}% 15
\BOOKMARK [2][-]{section*.16}{3.4 - Metal-Semiconductor Contact}{section*.1}% 16
\BOOKMARK [2][-]{section*.17}{3.5 - MIS Junction and Field-Effect Properties}{section*.1}% 17
\BOOKMARK [3][-]{section*.18}{Surface Inversion}{section*.17}% 18
\BOOKMARK [3][-]{section*.19}{Capacitance Effect in a MIS Junction}{section*.17}% 19
\BOOKMARK [2][-]{section*.20}{3.7 - Structure and Operations of Transistors}{section*.1}% 20
\BOOKMARK [3][-]{section*.21}{Field-Effect Transistors \(FETs\)}{section*.20}% 21
\BOOKMARK [3][-]{section*.22}{Bipolar Junction Transistor \(BJT\)}{section*.20}% 22
\BOOKMARK [2][-]{section*.23}{3.8 - Nonideal Effects and Other Performance Parameters}{section*.1}% 23
\BOOKMARK [3][-]{section*.24}{MOSFETs}{section*.23}% 24
\BOOKMARK [3][-]{section*.25}{MESFETs}{section*.23}% 25
\BOOKMARK [3][-]{section*.26}{BJTs}{section*.23}% 26
\BOOKMARK [2][-]{section*.27}{3.9 - New Transistor Structures}{section*.1}% 27
\BOOKMARK [3][-]{section*.28}{Heterojunction Bipolar Transistor \(HBT\)}{section*.27}% 28
\BOOKMARK [3][-]{section*.29}{Amorphous Silicon Thin-Film Transistor \(TFT\)}{section*.27}% 29
\BOOKMARK [1][-]{section*.30}{Glossary of Variables}{}% 30
